<?xml version="1.0" encoding="UTF-8"?>
<testsuite xmlns:xsi="http://www.w3.org/2001/XMLSchema-instance" xsi:noNamespaceSchemaLocation="https://maven.apache.org/surefire/maven-surefire-plugin/xsd/surefire-test-report-3.0.xsd" version="3.0" name="TicTacToeAiTest" time="0.047" tests="1" errors="1" skipped="0" failures="0">
  <properties>
[...]
</properties>
  <testcase name="testEasyAiChoosesEmptyCell" classname="TicTacToeAiTest" time="0.025">
    <error message="class TicTacToeAiTest (in unnamed module @0x22555ebf) cannot access class com.iti.crg.client.domain.entities.TicTacToeBoard (in module com.iti.tictactoe.client) because module com.iti.tictactoe.client does not export com.iti.crg.client.domain.entities to unnamed module @0x22555ebf" type="java.lang.IllegalAccessError"><![CDATA[java.lang.IllegalAccessError: class TicTacToeAiTest (in unnamed module @0x22555ebf) cannot access class com.iti.crg.client.domain.entities.TicTacToeBoard (in module com.iti.tictactoe.client) because module com.iti.tictactoe.client does not export com.iti.crg.client.domain.entities to unnamed module @0x22555ebf
	at TicTacToeAiTest.testEasyAiChoosesEmptyCell(TicTacToeAiTest.java:19)
	at java.base/java.lang.reflect.Method.invoke(Method.java:565)
	at java.base/java.util.ArrayList.forEach(ArrayList.java:1604)
	at java.base/java.util.ArrayList.forEach(ArrayList.java:1604)
]]></error>
  </testcase>
</testsuite>